# JRE version: OpenJDK Runtime Environment (8.0_112-b06) (build 1.8.0_112-release-408-b6)
# Java VM: OpenJDK 64-Bit Server VM (25.112-b6 mixed mode linux-amd64 compressed oops)
Heap:
 par new generation   total 105408K, used 105408K [0x00000000d1200000, 0x00000000d8460000, 0x00000000e0c00000)
  eden space 93696K, 100% used [0x00000000d1200000, 0x00000000d6d80000, 0x00000000d6d80000)
  from space 11712K, 100% used [0x00000000d6d80000, 0x00000000d78f0000, 0x00000000d78f0000)
  to   space 11712K,   0% used [0x00000000d78f0000, 0x00000000d78f0000, 0x00000000d8460000)
 concurrent mark-sweep generation total 367732K, used 319395K [0x00000000e0c00000, 0x00000000f731d000, 0x0000000100000000)
 Metaspace       used 185900K, capacity 193024K, committed 195192K, reserved 1216512K
  class space    used 25368K, capacity 26835K, committed 27256K, reserved 1048576K
GC Heap History (10 events):
Event: 21031.335 GC heap before
{Heap before GC invocations=2268 (full 30):
 par new generation   total 105408K, used 105408K [0x00000000d1200000, 0x00000000d8460000, 0x00000000e0c00000)
  eden space 93696K, 100% used [0x00000000d1200000, 0x00000000d6d80000, 0x00000000d6d80000)
  from space 11712K, 100% used [0x00000000d78f0000, 0x00000000d8460000, 0x00000000d8460000)
  to   space 11712K,   0% used [0x00000000d6d80000, 0x00000000d6d80000, 0x00000000d78f0000)
 concurrent mark-sweep generation total 367732K, used 258513K [0x00000000e0c00000, 0x00000000f731d000, 0x0000000100000000)
 Metaspace       used 185888K, capacity 193024K, committed 195192K, reserved 1216512K
  class space    used 25368K, capacity 26835K, committed 27256K, reserved 1048576K
Event: 21031.376 GC heap after
Heap after GC invocations=2269 (full 30):
 par new generation   total 105408K, used 11712K [0x00000000d1200000, 0x00000000d8460000, 0x00000000e0c00000)
  eden space 93696K,   0% used [0x00000000d1200000, 0x00000000d1200000, 0x00000000d6d80000)
  from space 11712K, 100% used [0x00000000d6d80000, 0x00000000d78f0000, 0x00000000d78f0000)
  to   space 11712K,   0% used [0x00000000d78f0000, 0x00000000d78f0000, 0x00000000d8460000)
 concurrent mark-sweep generation total 367732K, used 272632K [0x00000000e0c00000, 0x00000000f731d000, 0x0000000100000000)
 Metaspace       used 185888K, capacity 193024K, committed 195192K, reserved 1216512K
  class space    used 25368K, capacity 26835K, committed 27256K, reserved 1048576K
}
Event: 21032.181 GC heap before
{Heap before GC invocations=2269 (full 30):
 par new generation   total 105408K, used 105408K [0x00000000d1200000, 0x00000000d8460000, 0x00000000e0c00000)
  eden space 93696K, 100% used [0x00000000d1200000, 0x00000000d6d80000, 0x00000000d6d80000)
  from space 11712K, 100% used [0x00000000d6d80000, 0x00000000d78f0000, 0x00000000d78f0000)
  to   space 11712K,   0% used [0x00000000d78f0000, 0x00000000d78f0000, 0x00000000d8460000)
 concurrent mark-sweep generation total 367732K, used 272632K [0x00000000e0c00000, 0x00000000f731d000, 0x0000000100000000)
 Metaspace       used 185892K, capacity 193024K, committed 195192K, reserved 1216512K
  class space    used 25368K, capacity 26835K, committed 27256K, reserved 1048576K
Event: 21032.201 GC heap after
Heap after GC invocations=2270 (full 30):
 par new generation   total 105408K, used 11712K [0x00000000d1200000, 0x00000000d8460000, 0x00000000e0c00000)
  eden space 93696K,   0% used [0x00000000d1200000, 0x00000000d1200000, 0x00000000d6d80000)
  from space 11712K, 100% used [0x00000000d78f0000, 0x00000000d8460000, 0x00000000d8460000)
  to   space 11712K,   0% used [0x00000000d6d80000, 0x00000000d6d80000, 0x00000000d78f0000)
 concurrent mark-sweep generation total 367732K, used 282714K [0x00000000e0c00000, 0x00000000f731d000, 0x0000000100000000)
 Metaspace       used 185892K, capacity 193024K, committed 195192K, reserved 1216512K
  class space    used 25368K, capacity 26835K, committed 27256K, reserved 1048576K
}
Event: 21032.915 GC heap before
{Heap before GC invocations=2270 (full 30):
 par new generation   total 105408K, used 105408K [0x00000000d1200000, 0x00000000d8460000, 0x00000000e0c00000)
  eden space 93696K, 100% used [0x00000000d1200000, 0x00000000d6d80000, 0x00000000d6d80000)
  from space 11712K, 100% used [0x00000000d78f0000, 0x00000000d8460000, 0x00000000d8460000)
  to   space 11712K,   0% used [0x00000000d6d80000, 0x00000000d6d80000, 0x00000000d78f0000)
 concurrent mark-sweep generation total 367732K, used 282714K [0x00000000e0c00000, 0x00000000f731d000, 0x0000000100000000)
 Metaspace       used 185895K, capacity 193024K, committed 195192K, reserved 1216512K
  class space    used 25368K, capacity 26835K, committed 27256K, reserved 1048576K
Event: 21032.935 GC heap after
Heap after GC invocations=2271 (full 30):
 par new generation   total 105408K, used 11712K [0x00000000d1200000, 0x00000000d8460000, 0x00000000e0c00000)
  eden space 93696K,   0% used [0x00000000d1200000, 0x00000000d1200000, 0x00000000d6d80000)
  from space 11712K, 100% used [0x00000000d6d80000, 0x00000000d78f0000, 0x00000000d78f0000)
  to   space 11712K,   0% used [0x00000000d78f0000, 0x00000000d78f0000, 0x00000000d8460000)
 concurrent mark-sweep generation total 367732K, used 293887K [0x00000000e0c00000, 0x00000000f731d000, 0x0000000100000000)
 Metaspace       used 185895K, capacity 193024K, committed 195192K, reserved 1216512K
  class space    used 25368K, capacity 26835K, committed 27256K, reserved 1048576K
}
Event: 21033.680 GC heap before
{Heap before GC invocations=2271 (full 30):
 par new generation   total 105408K, used 105408K [0x00000000d1200000, 0x00000000d8460000, 0x00000000e0c00000)
  eden space 93696K, 100% used [0x00000000d1200000, 0x00000000d6d80000, 0x00000000d6d80000)
  from space 11712K, 100% used [0x00000000d6d80000, 0x00000000d78f0000, 0x00000000d78f0000)
  to   space 11712K,   0% used [0x00000000d78f0000, 0x00000000d78f0000, 0x00000000d8460000)
 concurrent mark-sweep generation total 367732K, used 293887K [0x00000000e0c00000, 0x00000000f731d000, 0x0000000100000000)
 Metaspace       used 185899K, capacity 193024K, committed 195192K, reserved 1216512K
  class space    used 25368K, capacity 26835K, committed 27256K, reserved 1048576K
Event: 21033.709 GC heap after
Heap after GC invocations=2272 (full 30):
 par new generation   total 105408K, used 11712K [0x00000000d1200000, 0x00000000d8460000, 0x00000000e0c00000)
  eden space 93696K,   0% used [0x00000000d1200000, 0x00000000d1200000, 0x00000000d6d80000)
  from space 11712K, 100% used [0x00000000d78f0000, 0x00000000d8460000, 0x00000000d8460000)
  to   space 11712K,   0% used [0x00000000d6d80000, 0x00000000d6d80000, 0x00000000d78f0000)
 concurrent mark-sweep generation total 367732K, used 306575K [0x00000000e0c00000, 0x00000000f731d000, 0x0000000100000000)
 Metaspace       used 185899K, capacity 193024K, committed 195192K, reserved 1216512K
  class space    used 25368K, capacity 26835K, committed 27256K, reserved 1048576K
}
Event: 21034.492 GC heap before
{Heap before GC invocations=2272 (full 31):
 par new generation   total 105408K, used 105187K [0x00000000d1200000, 0x00000000d8460000, 0x00000000e0c00000)
  eden space 93696K,  99% used [0x00000000d1200000, 0x00000000d6d48f60, 0x00000000d6d80000)
  from space 11712K, 100% used [0x00000000d78f0000, 0x00000000d8460000, 0x00000000d8460000)
  to   space 11712K,   0% used [0x00000000d6d80000, 0x00000000d6d80000, 0x00000000d78f0000)
 concurrent mark-sweep generation total 367732K, used 306575K [0x00000000e0c00000, 0x00000000f731d000, 0x0000000100000000)
 Metaspace       used 185900K, capacity 193024K, committed 195192K, reserved 1216512K
  class space    used 25368K, capacity 26835K, committed 27256K, reserved 1048576K
Event: 21034.518 GC heap after
Heap after GC invocations=2273 (full 31):
 par new generation   total 105408K, used 11712K [0x00000000d1200000, 0x00000000d8460000, 0x00000000e0c00000)
  eden space 93696K,   0% used [0x00000000d1200000, 0x00000000d1200000, 0x00000000d6d80000)
  from space 11712K, 100% used [0x00000000d6d80000, 0x00000000d78f0000, 0x00000000d78f0000)
  to   space 11712K,   0% used [0x00000000d78f0000, 0x00000000d78f0000, 0x00000000d8460000)
 concurrent mark-sweep generation total 367732K, used 319883K [0x00000000e0c00000, 0x00000000f731d000, 0x0000000100000000)
 Metaspace       used 185900K, capacity 193024K, committed 195192K, reserved 1216512K
  class space    used 25368K, capacity 26835K, committed 27256K, reserved 1048576K
}

